0 info it worked if it ends with ok
1 verbose cli [ 'C:\\Program Files\\nodejs\\node.exe',
1 verbose cli   'C:\\Program Files\\nodejs\\node_modules\\npm\\bin\\npm-cli.js',
1 verbose cli   'start' ]
2 info using npm@4.1.2
3 info using node@v7.7.0
4 verbose run-script [ 'prestart', 'start', 'poststart' ]
5 info lifecycle url2-koa@1.0.0~prestart: url2-koa@1.0.0
6 silly lifecycle url2-koa@1.0.0~prestart: no script for prestart, continuing
7 info lifecycle url2-koa@1.0.0~start: url2-koa@1.0.0
8 verbose lifecycle url2-koa@1.0.0~start: unsafe-perm in lifecycle true
9 verbose lifecycle url2-koa@1.0.0~start: PATH: C:\Program Files\nodejs\node_modules\npm\bin\node-gyp-bin;C:\Users\Administrator\Desktop\learn-javascript\day-08\koa2\node_modules\.bin;E:\opencv\build\x86\vc10\bin;C:\windows\system32;C:\windows;C:\windows\System32\Wbem;C:\Program Files\apache-tomcat-7.0.73\lib;C:\Program Files\apache-tomcat-7.0.73\bin;C:\Program Files\Mysql5.7\bin;C:\Program Files\nodejs\;E:\opencv\build\x86\vc10\bin;C:\Program Files (x86)\Microsoft VS Code\bin;C:\Users\Administrator\AppData\Roaming\npm
10 verbose lifecycle url2-koa@1.0.0~start: CWD: C:\Users\Administrator\Desktop\learn-javascript\day-08\koa2
11 silly lifecycle url2-koa@1.0.0~start: Args: [ '/d /s /c', 'node --use_strict app.js' ]
12 verbose stack Error: kill ENOSYS
12 verbose stack     at exports._errnoException (util.js:1029:11)
12 verbose stack     at process.kill (internal/process.js:188:13)
12 verbose stack     at process.listener (C:\Program Files\nodejs\node_modules\npm\node_modules\npmlog\node_modules\gauge\node_modules\signal-exit\index.js:95:15)
12 verbose stack     at emitNone (events.js:86:13)
12 verbose stack     at process.emit (events.js:188:7)
12 verbose stack     at processEmit (C:\Program Files\nodejs\node_modules\npm\node_modules\npmlog\node_modules\gauge\node_modules\signal-exit\index.js:155:32)
12 verbose stack     at Signal.wrap.onsignal (internal/process.js:215:44)
13 verbose cwd C:\Users\Administrator\Desktop\learn-javascript\day-08\koa2
14 error Windows_NT 10.0.10586
15 error argv "C:\\Program Files\\nodejs\\node.exe" "C:\\Program Files\\nodejs\\node_modules\\npm\\bin\\npm-cli.js" "start"
16 error node v7.7.0
17 error npm  v4.1.2
18 error code ENOSYS
19 error errno ENOSYS
20 error syscall kill
21 error kill ENOSYS
22 error If you need help, you may report this error at:
22 error     <https://github.com/npm/npm/issues>
23 verbose exit [ 1, true ]
