0 info it worked if it ends with ok
1 verbose cli [ 'C:\\Program Files\\nodejs\\node.exe',
1 verbose cli   'C:\\Program Files\\nodejs\\node_modules\\npm\\bin\\npm-cli.js',
1 verbose cli   'start' ]
2 info using npm@4.1.2
3 info using node@v7.7.0
4 verbose run-script [ 'prestart', 'start', 'poststart' ]
5 info lifecycle ws-with-koa@1.0.0~prestart: ws-with-koa@1.0.0
6 silly lifecycle ws-with-koa@1.0.0~prestart: no script for prestart, continuing
7 info lifecycle ws-with-koa@1.0.0~start: ws-with-koa@1.0.0
8 verbose lifecycle ws-with-koa@1.0.0~start: unsafe-perm in lifecycle true
9 verbose lifecycle ws-with-koa@1.0.0~start: PATH: C:\Program Files\nodejs\node_modules\npm\bin\node-gyp-bin;C:\Users\Administrator\Desktop\learn-javascript\day-10\ws\ws-with-koa\node_modules\.bin;E:\opencv\build\x86\vc10\bin;C:\windows\system32;C:\windows;C:\windows\System32\Wbem;C:\Program Files\apache-tomcat-7.0.73\lib;C:\Program Files\apache-tomcat-7.0.73\bin;C:\Program Files\Mysql5.7\bin;C:\Program Files\nodejs\;E:\opencv\build\x86\vc10\bin;C:\Program Files (x86)\Microsoft VS Code\bin;C:\Users\Administrator\AppData\Roaming\npm
10 verbose lifecycle ws-with-koa@1.0.0~start: CWD: C:\Users\Administrator\Desktop\learn-javascript\day-10\ws\ws-with-koa
11 silly lifecycle ws-with-koa@1.0.0~start: Args: [ '/d /s /c', 'node --use_strict app.js' ]
12 silly lifecycle ws-with-koa@1.0.0~start: Returned: code: 3221225786  signal: null
13 info lifecycle ws-with-koa@1.0.0~start: Failed to exec start script
14 verbose stack Error: ws-with-koa@1.0.0 start: `node --use_strict app.js`
14 verbose stack Exit status 3221225786
14 verbose stack     at EventEmitter.<anonymous> (C:\Program Files\nodejs\node_modules\npm\lib\utils\lifecycle.js:279:16)
14 verbose stack     at emitTwo (events.js:106:13)
14 verbose stack     at EventEmitter.emit (events.js:194:7)
14 verbose stack     at ChildProcess.<anonymous> (C:\Program Files\nodejs\node_modules\npm\lib\utils\spawn.js:40:14)
14 verbose stack     at emitTwo (events.js:106:13)
14 verbose stack     at ChildProcess.emit (events.js:194:7)
14 verbose stack     at maybeClose (internal/child_process.js:899:16)
14 verbose stack     at Process.ChildProcess._handle.onexit (internal/child_process.js:226:5)
15 verbose pkgid ws-with-koa@1.0.0
16 verbose cwd C:\Users\Administrator\Desktop\learn-javascript\day-10\ws\ws-with-koa
17 error Windows_NT 10.0.10586
18 error argv "C:\\Program Files\\nodejs\\node.exe" "C:\\Program Files\\nodejs\\node_modules\\npm\\bin\\npm-cli.js" "start"
19 error node v7.7.0
20 error npm  v4.1.2
21 error code ELIFECYCLE
22 error ws-with-koa@1.0.0 start: `node --use_strict app.js`
22 error Exit status 3221225786
23 error Failed at the ws-with-koa@1.0.0 start script 'node --use_strict app.js'.
23 error Make sure you have the latest version of node.js and npm installed.
23 error If you do, this is most likely a problem with the ws-with-koa package,
23 error not with npm itself.
23 error Tell the author that this fails on your system:
23 error     node --use_strict app.js
23 error You can get information on how to open an issue for this project with:
23 error     npm bugs ws-with-koa
23 error Or if that isn't available, you can get their info via:
23 error     npm owner ls ws-with-koa
23 error There is likely additional logging output above.
24 verbose exit [ 1, true ]
